c:\users\uaeei\source\repos\grapa\01_assignment_1\hellocube\hellocube\x64\debug\vc140.pdb
c:\users\uaeei\source\repos\grapa\01_assignment_1\hellocube\hellocube\x64\debug\window.obj
c:\users\uaeei\source\repos\grapa\01_assignment_1\hellocube\hellocube\x64\debug\mainwindow.obj
c:\users\uaeei\source\repos\grapa\01_assignment_1\hellocube\hellocube\x64\debug\main.obj
c:\users\uaeei\source\repos\grapa\01_assignment_1\hellocube\hellocube\x64\debug\logo.obj
c:\users\uaeei\source\repos\grapa\01_assignment_1\hellocube\hellocube\x64\debug\glrenderingwidget.obj
c:\users\uaeei\source\repos\grapa\01_assignment_1\hellocube\hellocube\x64\debug\moc_window.obj
c:\users\uaeei\source\repos\grapa\01_assignment_1\hellocube\hellocube\x64\debug\moc_mainwindow.obj
c:\users\uaeei\source\repos\grapa\01_assignment_1\hellocube\hellocube\x64\debug\moc_glrenderingwidget.obj
c:\users\uaeei\source\repos\grapa\01_assignment_1\hellocube\hellocube\x64\debug\qrc_mainwindow.obj
c:\users\uaeei\source\repos\grapa\01_assignment_1\hellocube\hellocube\generatedfiles\debug\moc_mainwindow.cpp
c:\users\uaeei\source\repos\grapa\01_assignment_1\hellocube\hellocube\generatedfiles\ui_mainwindow.h
c:\users\uaeei\source\repos\grapa\01_assignment_1\hellocube\hellocube\generatedfiles\debug\moc_window.cpp
c:\users\uaeei\source\repos\grapa\01_assignment_1\hellocube\hellocube\generatedfiles\qrc_mainwindow.cpp
c:\users\uaeei\source\repos\grapa\01_assignment_1\hellocube\hellocube\generatedfiles\debug\moc_glrenderingwidget.cpp
c:\users\uaeei\source\repos\grapa\01_assignment_1\hellocube\x64\debug\hellocube.pdb
c:\users\uaeei\source\repos\grapa\01_assignment_1\hellocube\hellocube\x64\debug\hellocube.tlog\cl.command.1.tlog
c:\users\uaeei\source\repos\grapa\01_assignment_1\hellocube\hellocube\x64\debug\hellocube.tlog\cl.read.1.tlog
c:\users\uaeei\source\repos\grapa\01_assignment_1\hellocube\hellocube\x64\debug\hellocube.tlog\cl.write.1.tlog
c:\users\uaeei\source\repos\grapa\01_assignment_1\hellocube\hellocube\x64\debug\hellocube.tlog\custombuild.command.1.tlog
c:\users\uaeei\source\repos\grapa\01_assignment_1\hellocube\hellocube\x64\debug\hellocube.tlog\custombuild.read.1.tlog
c:\users\uaeei\source\repos\grapa\01_assignment_1\hellocube\hellocube\x64\debug\hellocube.tlog\custombuild.write.1.tlog
c:\users\uaeei\source\repos\grapa\01_assignment_1\hellocube\hellocube\x64\debug\hellocube.tlog\link.10480-cvtres.read.1.tlog
c:\users\uaeei\source\repos\grapa\01_assignment_1\hellocube\hellocube\x64\debug\hellocube.tlog\link.10480-cvtres.write.1.tlog
c:\users\uaeei\source\repos\grapa\01_assignment_1\hellocube\hellocube\x64\debug\hellocube.tlog\link.10480-rc.read.1.tlog
c:\users\uaeei\source\repos\grapa\01_assignment_1\hellocube\hellocube\x64\debug\hellocube.tlog\link.10480-rc.write.1.tlog
c:\users\uaeei\source\repos\grapa\01_assignment_1\hellocube\hellocube\x64\debug\hellocube.tlog\link.10480.read.1.tlog
c:\users\uaeei\source\repos\grapa\01_assignment_1\hellocube\hellocube\x64\debug\hellocube.tlog\link.10480.write.1.tlog
c:\users\uaeei\source\repos\grapa\01_assignment_1\hellocube\hellocube\x64\debug\hellocube.tlog\link.command.1.tlog
c:\users\uaeei\source\repos\grapa\01_assignment_1\hellocube\hellocube\x64\debug\hellocube.tlog\link.read.1.tlog
c:\users\uaeei\source\repos\grapa\01_assignment_1\hellocube\hellocube\x64\debug\hellocube.tlog\link.write.1.tlog
