c:\users\uaeei\source\repos\grapa\01_assignment_1\hellocube\hellocube\x64\debug\vc140.pdb
c:\users\uaeei\source\repos\grapa\01_assignment_1\hellocube\hellocube\x64\debug\trackball.obj
c:\users\uaeei\source\repos\grapa\01_assignment_1\hellocube\hellocube\x64\debug\openglwidget.obj
c:\users\uaeei\source\repos\grapa\01_assignment_1\hellocube\hellocube\x64\debug\mainwindow.obj
c:\users\uaeei\source\repos\grapa\01_assignment_1\hellocube\hellocube\x64\debug\main.obj
c:\users\uaeei\source\repos\grapa\01_assignment_1\hellocube\hellocube\x64\debug\moc_openglwidget.obj
c:\users\uaeei\source\repos\grapa\01_assignment_1\hellocube\hellocube\x64\debug\moc_mainwindow.obj
c:\users\uaeei\source\repos\grapa\01_assignment_1\hellocube\hellocube\x64\debug\qrc_mainwindow.obj
c:\users\uaeei\source\repos\grapa\01_assignment_1\hellocube\hellocube\generatedfiles\debug\moc_mainwindow.cpp
c:\users\uaeei\source\repos\grapa\01_assignment_1\hellocube\hellocube\generatedfiles\ui_mainwindow.h
c:\users\uaeei\source\repos\grapa\01_assignment_1\hellocube\hellocube\generatedfiles\qrc_mainwindow.cpp
c:\users\uaeei\source\repos\grapa\01_assignment_1\hellocube\hellocube\generatedfiles\debug\moc_openglwidget.cpp
c:\users\uaeei\source\repos\grapa\01_assignment_1\hellocube\x64\debug\hellocube.ilk
c:\users\uaeei\source\repos\grapa\01_assignment_1\hellocube\x64\debug\hellocube.exe
c:\users\uaeei\source\repos\grapa\01_assignment_1\hellocube\x64\debug\hellocube.pdb
c:\users\uaeei\source\repos\grapa\01_assignment_1\hellocube\hellocube\x64\debug\hellocube.tlog\cl.command.1.tlog
c:\users\uaeei\source\repos\grapa\01_assignment_1\hellocube\hellocube\x64\debug\hellocube.tlog\cl.read.1.tlog
c:\users\uaeei\source\repos\grapa\01_assignment_1\hellocube\hellocube\x64\debug\hellocube.tlog\cl.write.1.tlog
c:\users\uaeei\source\repos\grapa\01_assignment_1\hellocube\hellocube\x64\debug\hellocube.tlog\custombuild.command.1.tlog
c:\users\uaeei\source\repos\grapa\01_assignment_1\hellocube\hellocube\x64\debug\hellocube.tlog\custombuild.read.1.tlog
c:\users\uaeei\source\repos\grapa\01_assignment_1\hellocube\hellocube\x64\debug\hellocube.tlog\custombuild.write.1.tlog
c:\users\uaeei\source\repos\grapa\01_assignment_1\hellocube\hellocube\x64\debug\hellocube.tlog\link.command.1.tlog
c:\users\uaeei\source\repos\grapa\01_assignment_1\hellocube\hellocube\x64\debug\hellocube.tlog\link.read.1.tlog
c:\users\uaeei\source\repos\grapa\01_assignment_1\hellocube\hellocube\x64\debug\hellocube.tlog\link.write.1.tlog
